<?xml version="1.0" encoding="UTF-8"?>
<testng-results ignored="0" total="1" passed="1" failed="0" skipped="0">
  <reporter-output>
  </reporter-output>
  <suite started-at="2022-09-07T03:59:37 AST" name="Default suite" finished-at="2022-09-07T04:00:01 AST" duration-ms="24015">
    <groups>
    </groups>
    <test started-at="2022-09-07T03:59:37 AST" name="Default test" finished-at="2022-09-07T04:00:01 AST" duration-ms="24015">
      <class name="ass3W12D5.TapFunctionalityinAppium.AppTest">
        <test-method is-config="true" signature="setUp()[pri:0, instance:ass3W12D5.TapFunctionalityinAppium.AppTest@72967906]" started-at="2022-09-07T03:59:18 AST" name="setUp" finished-at="2022-09-07T03:59:37 AST" duration-ms="19053" status="PASS">
          <reporter-output>
          </reporter-output>
        </test-method> <!-- setUp -->
        <test-method signature="TestTap()[pri:1, instance:ass3W12D5.TapFunctionalityinAppium.AppTest@72967906]" started-at="2022-09-07T03:59:37 AST" name="TestTap" finished-at="2022-09-07T04:00:01 AST" duration-ms="23896" status="PASS">
          <reporter-output>
          </reporter-output>
        </test-method> <!-- TestTap -->
      </class> <!-- ass3W12D5.TapFunctionalityinAppium.AppTest -->
    </test> <!-- Default test -->
  </suite> <!-- Default suite -->
</testng-results>
